0 info it worked if it ends with ok
1 verbose cli [ '/home/maks/.nvm/versions/node/v6.2.2/bin/node',
1 verbose cli   '/home/maks/.nvm/versions/node/v6.2.2/bin/npm',
1 verbose cli   'start' ]
2 info using npm@3.9.5
3 info using node@v6.2.2
4 verbose run-script [ 'prestart', 'start', 'poststart' ]
5 info lifecycle snapshot@1.0.1~prestart: snapshot@1.0.1
6 silly lifecycle snapshot@1.0.1~prestart: no script for prestart, continuing
7 info lifecycle snapshot@1.0.1~start: snapshot@1.0.1
8 verbose lifecycle snapshot@1.0.1~start: unsafe-perm in lifecycle true
9 verbose lifecycle snapshot@1.0.1~start: PATH: /home/maks/.nvm/versions/node/v6.2.2/lib/node_modules/npm/bin/node-gyp-bin:/home/maks/proj/adv-fe/2--adv-fe-homework/lesson08/node_modules/.bin:/home/maks/.nvm/versions/node/v6.2.2/bin:/home/maks/.nvm/versions/node/v6.2.2/bin:/usr/local/sbin:/usr/local/bin:/usr/sbin:/usr/bin:/sbin:/bin:/usr/games:/usr/local/games:/snap/bin:/snap/bin
10 verbose lifecycle snapshot@1.0.1~start: CWD: /home/maks/proj/adv-fe/2--adv-fe-homework/lesson08
11 silly lifecycle snapshot@1.0.1~start: Args: [ '-c', 'node app.js' ]
12 silly lifecycle snapshot@1.0.1~start: Returned: code: 1  signal: null
13 info lifecycle snapshot@1.0.1~start: Failed to exec start script
14 verbose stack Error: snapshot@1.0.1 start: `node app.js`
14 verbose stack Exit status 1
14 verbose stack     at EventEmitter.<anonymous> (/home/maks/.nvm/versions/node/v6.2.2/lib/node_modules/npm/lib/utils/lifecycle.js:245:16)
14 verbose stack     at emitTwo (events.js:106:13)
14 verbose stack     at EventEmitter.emit (events.js:191:7)
14 verbose stack     at ChildProcess.<anonymous> (/home/maks/.nvm/versions/node/v6.2.2/lib/node_modules/npm/lib/utils/spawn.js:24:14)
14 verbose stack     at emitTwo (events.js:106:13)
14 verbose stack     at ChildProcess.emit (events.js:191:7)
14 verbose stack     at maybeClose (internal/child_process.js:852:16)
14 verbose stack     at Process.ChildProcess._handle.onexit (internal/child_process.js:215:5)
15 verbose pkgid snapshot@1.0.1
16 verbose cwd /home/maks/proj/adv-fe/2--adv-fe-homework/lesson08
17 error Linux 4.4.0-36-generic
18 error argv "/home/maks/.nvm/versions/node/v6.2.2/bin/node" "/home/maks/.nvm/versions/node/v6.2.2/bin/npm" "start"
19 error node v6.2.2
20 error npm  v3.9.5
21 error code ELIFECYCLE
22 error snapshot@1.0.1 start: `node app.js`
22 error Exit status 1
23 error Failed at the snapshot@1.0.1 start script 'node app.js'.
23 error Make sure you have the latest version of node.js and npm installed.
23 error If you do, this is most likely a problem with the snapshot package,
23 error not with npm itself.
23 error Tell the author that this fails on your system:
23 error     node app.js
23 error You can get information on how to open an issue for this project with:
23 error     npm bugs snapshot
23 error Or if that isn't available, you can get their info via:
23 error     npm owner ls snapshot
23 error There is likely additional logging output above.
24 verbose exit [ 1, true ]
